mode: set
github.com/BKrajancic/boby/m/v2/src/bot/bot.go:29.52,31.2 1 1
github.com/BKrajancic/boby/m/v2/src/bot/bot.go:34.48,36.2 1 1
github.com/BKrajancic/boby/m/v2/src/bot/bot.go:39.47,41.2 1 1
github.com/BKrajancic/boby/m/v2/src/bot/bot.go:46.67,51.22 2 1
github.com/BKrajancic/boby/m/v2/src/bot/bot.go:55.2,56.16 2 1
github.com/BKrajancic/boby/m/v2/src/bot/bot.go:60.2,60.24 1 1
github.com/BKrajancic/boby/m/v2/src/bot/bot.go:51.22,53.3 1 1
github.com/BKrajancic/boby/m/v2/src/bot/bot.go:56.16,58.3 1 1
github.com/BKrajancic/boby/m/v2/src/bot/bot.go:64.47,66.2 1 1
github.com/BKrajancic/boby/m/v2/src/bot/bot.go:70.36,72.2 1 1
github.com/BKrajancic/boby/m/v2/src/bot/bot.go:77.93,79.35 2 1
github.com/BKrajancic/boby/m/v2/src/bot/bot.go:79.35,81.38 2 1
github.com/BKrajancic/boby/m/v2/src/bot/bot.go:87.3,93.6 1 1
github.com/BKrajancic/boby/m/v2/src/bot/bot.go:81.38,86.4 1 1
github.com/BKrajancic/boby/m/v2/src/bot/bot.go:94.8,95.38 1 1
github.com/BKrajancic/boby/m/v2/src/bot/bot.go:95.38,97.39 2 1
github.com/BKrajancic/boby/m/v2/src/bot/bot.go:97.39,100.78 3 1
github.com/BKrajancic/boby/m/v2/src/bot/bot.go:105.5,105.75 1 1
github.com/BKrajancic/boby/m/v2/src/bot/bot.go:100.78,101.24 1 1
github.com/BKrajancic/boby/m/v2/src/bot/bot.go:101.24,103.7 1 1
github.com/BKrajancic/boby/m/v2/src/bot/bot.go:113.81,114.39 1 1
github.com/BKrajancic/boby/m/v2/src/bot/bot.go:114.39,115.46 1 1
github.com/BKrajancic/boby/m/v2/src/bot/bot.go:115.46,117.4 1 1
github.com/BKrajancic/boby/m/v2/src/command/im_admin.go:9.154,10.18 1 1
github.com/BKrajancic/boby/m/v2/src/command/im_admin.go:10.18,12.3 1 1
github.com/BKrajancic/boby/m/v2/src/command/im_admin.go:12.8,14.3 1 1
github.com/BKrajancic/boby/m/v2/src/command/json_sender.go:34.102,38.33 3 1
github.com/BKrajancic/boby/m/v2/src/command/json_sender.go:44.2,44.15 1 1
github.com/BKrajancic/boby/m/v2/src/command/json_sender.go:68.2,68.8 1 1
github.com/BKrajancic/boby/m/v2/src/command/json_sender.go:38.33,39.57 1 1
github.com/BKrajancic/boby/m/v2/src/command/json_sender.go:39.57,41.4 1 1
github.com/BKrajancic/boby/m/v2/src/command/json_sender.go:44.15,45.60 1 1
github.com/BKrajancic/boby/m/v2/src/command/json_sender.go:45.60,51.4 1 1
github.com/BKrajancic/boby/m/v2/src/command/json_sender.go:52.8,53.60 1 1
github.com/BKrajancic/boby/m/v2/src/command/json_sender.go:60.3,60.32 1 1
github.com/BKrajancic/boby/m/v2/src/command/json_sender.go:53.60,58.4 1 1
github.com/BKrajancic/boby/m/v2/src/command/json_sender.go:60.32,66.4 1 1
github.com/BKrajancic/boby/m/v2/src/command/json_sender.go:79.104,82.43 3 1
github.com/BKrajancic/boby/m/v2/src/command/json_sender.go:92.2,92.8 1 1
github.com/BKrajancic/boby/m/v2/src/command/json_sender.go:82.43,84.45 2 1
github.com/BKrajancic/boby/m/v2/src/command/json_sender.go:84.45,90.4 2 1
github.com/BKrajancic/boby/m/v2/src/command/json_sender.go:103.81,105.39 2 1
github.com/BKrajancic/boby/m/v2/src/command/json_sender.go:110.2,110.12 1 1
github.com/BKrajancic/boby/m/v2/src/command/json_sender.go:105.39,106.36 1 1
github.com/BKrajancic/boby/m/v2/src/command/json_sender.go:106.36,108.4 1 1
github.com/BKrajancic/boby/m/v2/src/command/json_sender.go:117.75,118.156 1 1
github.com/BKrajancic/boby/m/v2/src/command/json_sender.go:129.2,130.16 2 1
github.com/BKrajancic/boby/m/v2/src/command/json_sender.go:134.2,140.8 1 1
github.com/BKrajancic/boby/m/v2/src/command/json_sender.go:118.156,127.3 1 1
github.com/BKrajancic/boby/m/v2/src/command/json_sender.go:130.16,132.3 1 1
github.com/BKrajancic/boby/m/v2/src/command/json_sender.go:144.205,146.89 2 1
github.com/BKrajancic/boby/m/v2/src/command/json_sender.go:151.2,151.30 1 1
github.com/BKrajancic/boby/m/v2/src/command/json_sender.go:146.89,149.3 2 1
github.com/BKrajancic/boby/m/v2/src/command/json_sender.go:151.30,156.32 3 1
github.com/BKrajancic/boby/m/v2/src/command/json_sender.go:163.3,165.56 3 1
github.com/BKrajancic/boby/m/v2/src/command/json_sender.go:156.32,157.25 1 1
github.com/BKrajancic/boby/m/v2/src/command/json_sender.go:160.4,160.67 1 1
github.com/BKrajancic/boby/m/v2/src/command/json_sender.go:157.25,158.10 1 1
github.com/BKrajancic/boby/m/v2/src/command/json_sender.go:165.56,167.58 2 1
github.com/BKrajancic/boby/m/v2/src/command/json_sender.go:167.58,169.54 2 1
github.com/BKrajancic/boby/m/v2/src/command/json_sender.go:169.54,170.51 1 1
github.com/BKrajancic/boby/m/v2/src/command/json_sender.go:170.51,173.7 2 1
github.com/BKrajancic/boby/m/v2/src/command/json_sender.go:191.58,192.21 1 1
github.com/BKrajancic/boby/m/v2/src/command/json_sender.go:196.2,196.11 1 1
github.com/BKrajancic/boby/m/v2/src/command/json_sender.go:192.21,195.3 2 1
github.com/BKrajancic/boby/m/v2/src/command/rate_limited.go:22.71,24.2 1 1
github.com/BKrajancic/boby/m/v2/src/command/rate_limited.go:27.75,30.36 3 1
github.com/BKrajancic/boby/m/v2/src/command/rate_limited.go:35.2,35.19 1 1
github.com/BKrajancic/boby/m/v2/src/command/rate_limited.go:30.36,31.25 1 1
github.com/BKrajancic/boby/m/v2/src/command/rate_limited.go:31.25,33.4 1 1
github.com/BKrajancic/boby/m/v2/src/command/rate_limited.go:39.74,42.37 3 1
github.com/BKrajancic/boby/m/v2/src/command/rate_limited.go:45.2,45.42 1 1
github.com/BKrajancic/boby/m/v2/src/command/rate_limited.go:46.2,46.78 1 1
github.com/BKrajancic/boby/m/v2/src/command/rate_limited.go:42.37,44.3 1 1
github.com/BKrajancic/boby/m/v2/src/command/rate_limited.go:45.42,45.76 1 1
github.com/BKrajancic/boby/m/v2/src/command/rate_limited.go:52.73,53.58 1 1
github.com/BKrajancic/boby/m/v2/src/command/rate_limited.go:57.2,57.156 1 1
github.com/BKrajancic/boby/m/v2/src/command/rate_limited.go:98.2,108.3 1 1
github.com/BKrajancic/boby/m/v2/src/command/rate_limited.go:53.58,55.3 1 1
github.com/BKrajancic/boby/m/v2/src/command/rate_limited.go:57.156,61.17 4 1
github.com/BKrajancic/boby/m/v2/src/command/rate_limited.go:69.3,69.34 1 1
github.com/BKrajancic/boby/m/v2/src/command/rate_limited.go:61.17,64.19 3 1
github.com/BKrajancic/boby/m/v2/src/command/rate_limited.go:64.19,65.54 1 1
github.com/BKrajancic/boby/m/v2/src/command/rate_limited.go:69.34,72.25 3 0
github.com/BKrajancic/boby/m/v2/src/command/rate_limited.go:84.4,91.5 1 0
github.com/BKrajancic/boby/m/v2/src/command/rate_limited.go:72.25,78.5 1 0
github.com/BKrajancic/boby/m/v2/src/command/rate_limited.go:78.10,78.29 1 0
github.com/BKrajancic/boby/m/v2/src/command/rate_limited.go:78.29,80.5 1 0
github.com/BKrajancic/boby/m/v2/src/command/rate_limited.go:80.10,82.5 1 0
github.com/BKrajancic/boby/m/v2/src/command/rate_limited.go:92.9,95.4 2 1
github.com/BKrajancic/boby/m/v2/src/command/set_admin.go:9.155,10.18 1 1
github.com/BKrajancic/boby/m/v2/src/command/set_admin.go:10.18,18.3 3 1
github.com/BKrajancic/boby/m/v2/src/command/set_prefix.go:15.156,16.18 1 1
github.com/BKrajancic/boby/m/v2/src/command/set_prefix.go:16.18,28.3 3 1
github.com/BKrajancic/boby/m/v2/src/command/unset_admin.go:9.157,10.18 1 1
github.com/BKrajancic/boby/m/v2/src/command/unset_admin.go:10.18,18.3 3 1
github.com/BKrajancic/boby/m/v2/src/command/check_admin.go:9.157,15.42 2 1
github.com/BKrajancic/boby/m/v2/src/command/check_admin.go:15.42,17.3 1 1
github.com/BKrajancic/boby/m/v2/src/command/check_admin.go:17.8,19.3 1 1
github.com/BKrajancic/boby/m/v2/src/command/command.go:23.183,25.37 2 0
github.com/BKrajancic/boby/m/v2/src/command/command.go:25.37,28.70 3 0
github.com/BKrajancic/boby/m/v2/src/command/command.go:33.3,33.56 1 0
github.com/BKrajancic/boby/m/v2/src/command/command.go:28.70,29.22 1 0
github.com/BKrajancic/boby/m/v2/src/command/command.go:29.22,31.5 1 0
github.com/BKrajancic/boby/m/v2/src/command/goquery_scraper.go:47.79,50.27 3 1
github.com/BKrajancic/boby/m/v2/src/command/goquery_scraper.go:64.2,66.53 2 1
github.com/BKrajancic/boby/m/v2/src/command/goquery_scraper.go:98.2,98.14 1 1
github.com/BKrajancic/boby/m/v2/src/command/goquery_scraper.go:50.27,52.3 1 1
github.com/BKrajancic/boby/m/v2/src/command/goquery_scraper.go:52.8,53.40 1 1
github.com/BKrajancic/boby/m/v2/src/command/goquery_scraper.go:53.40,58.33 4 1
github.com/BKrajancic/boby/m/v2/src/command/goquery_scraper.go:58.33,60.5 1 1
github.com/BKrajancic/boby/m/v2/src/command/goquery_scraper.go:66.53,68.3 1 1
github.com/BKrajancic/boby/m/v2/src/command/goquery_scraper.go:68.8,68.26 1 1
github.com/BKrajancic/boby/m/v2/src/command/goquery_scraper.go:68.26,72.20 3 1
github.com/BKrajancic/boby/m/v2/src/command/goquery_scraper.go:81.3,82.40 2 1
github.com/BKrajancic/boby/m/v2/src/command/goquery_scraper.go:96.3,96.37 1 1
github.com/BKrajancic/boby/m/v2/src/command/goquery_scraper.go:72.20,73.36 1 1
github.com/BKrajancic/boby/m/v2/src/command/goquery_scraper.go:73.36,76.5 2 1
github.com/BKrajancic/boby/m/v2/src/command/goquery_scraper.go:76.10,76.41 1 1
github.com/BKrajancic/boby/m/v2/src/command/goquery_scraper.go:76.41,78.5 1 1
github.com/BKrajancic/boby/m/v2/src/command/goquery_scraper.go:82.40,85.31 3 1
github.com/BKrajancic/boby/m/v2/src/command/goquery_scraper.go:93.4,93.16 1 1
github.com/BKrajancic/boby/m/v2/src/command/goquery_scraper.go:85.31,86.52 1 1
github.com/BKrajancic/boby/m/v2/src/command/goquery_scraper.go:86.52,87.39 1 1
github.com/BKrajancic/boby/m/v2/src/command/goquery_scraper.go:87.39,89.12 2 1
github.com/BKrajancic/boby/m/v2/src/command/goquery_scraper.go:102.58,104.2 1 1
github.com/BKrajancic/boby/m/v2/src/command/goquery_scraper.go:107.93,108.156 1 1
github.com/BKrajancic/boby/m/v2/src/command/goquery_scraper.go:119.2,120.16 2 1
github.com/BKrajancic/boby/m/v2/src/command/goquery_scraper.go:124.2,130.8 1 1
github.com/BKrajancic/boby/m/v2/src/command/goquery_scraper.go:108.156,117.3 1 1
github.com/BKrajancic/boby/m/v2/src/command/goquery_scraper.go:120.16,122.3 1 1
github.com/BKrajancic/boby/m/v2/src/command/goquery_scraper.go:134.204,136.89 2 1
github.com/BKrajancic/boby/m/v2/src/command/goquery_scraper.go:141.2,142.30 2 1
github.com/BKrajancic/boby/m/v2/src/command/goquery_scraper.go:182.2,186.4 1 1
github.com/BKrajancic/boby/m/v2/src/command/goquery_scraper.go:136.89,139.3 2 1
github.com/BKrajancic/boby/m/v2/src/command/goquery_scraper.go:142.30,145.32 2 1
github.com/BKrajancic/boby/m/v2/src/command/goquery_scraper.go:149.3,150.17 2 1
github.com/BKrajancic/boby/m/v2/src/command/goquery_scraper.go:145.32,147.4 1 1
github.com/BKrajancic/boby/m/v2/src/command/goquery_scraper.go:150.17,153.18 3 1
github.com/BKrajancic/boby/m/v2/src/command/goquery_scraper.go:153.18,154.25 1 1
github.com/BKrajancic/boby/m/v2/src/command/goquery_scraper.go:154.25,160.6 1 1
github.com/BKrajancic/boby/m/v2/src/command/goquery_scraper.go:160.11,166.6 1 1
github.com/BKrajancic/boby/m/v2/src/command/goquery_scraper.go:167.10,172.5 1 1
github.com/BKrajancic/boby/m/v2/src/command/goquery_scraper.go:173.9,179.4 1 1
github.com/BKrajancic/boby/m/v2/src/command/goquery_scraper.go:191.81,193.16 2 1
github.com/BKrajancic/boby/m/v2/src/command/goquery_scraper.go:197.2,198.47 2 1
github.com/BKrajancic/boby/m/v2/src/command/goquery_scraper.go:193.16,195.3 1 1
github.com/BKrajancic/boby/m/v2/src/command/regexp_scraper.go:33.79,35.16 2 1
github.com/BKrajancic/boby/m/v2/src/command/regexp_scraper.go:39.2,40.47 2 1
github.com/BKrajancic/boby/m/v2/src/command/regexp_scraper.go:35.16,37.3 1 1
github.com/BKrajancic/boby/m/v2/src/command/regexp_scraper.go:44.57,46.2 1 1
github.com/BKrajancic/boby/m/v2/src/command/regexp_scraper.go:49.92,53.156 3 1
github.com/BKrajancic/boby/m/v2/src/command/regexp_scraper.go:67.2,68.16 2 1
github.com/BKrajancic/boby/m/v2/src/command/regexp_scraper.go:72.2,78.8 1 1
github.com/BKrajancic/boby/m/v2/src/command/regexp_scraper.go:53.156,65.3 1 1
github.com/BKrajancic/boby/m/v2/src/command/regexp_scraper.go:68.16,70.3 1 1
github.com/BKrajancic/boby/m/v2/src/command/regexp_scraper.go:82.279,85.23 3 1
github.com/BKrajancic/boby/m/v2/src/command/regexp_scraper.go:95.2,96.16 2 1
github.com/BKrajancic/boby/m/v2/src/command/regexp_scraper.go:85.23,86.65 1 1
github.com/BKrajancic/boby/m/v2/src/command/regexp_scraper.go:90.3,90.34 1 1
github.com/BKrajancic/boby/m/v2/src/command/regexp_scraper.go:86.65,89.4 2 1
github.com/BKrajancic/boby/m/v2/src/command/regexp_scraper.go:90.34,92.4 1 1
github.com/BKrajancic/boby/m/v2/src/command/regexp_scraper.go:96.16,99.17 3 1
github.com/BKrajancic/boby/m/v2/src/command/regexp_scraper.go:99.17,106.22 4 1
github.com/BKrajancic/boby/m/v2/src/command/regexp_scraper.go:106.22,108.38 2 1
github.com/BKrajancic/boby/m/v2/src/command/regexp_scraper.go:112.5,115.43 3 1
github.com/BKrajancic/boby/m/v2/src/command/regexp_scraper.go:128.5,132.7 1 1
github.com/BKrajancic/boby/m/v2/src/command/regexp_scraper.go:108.38,110.6 1 1
github.com/BKrajancic/boby/m/v2/src/command/regexp_scraper.go:115.43,117.44 2 1
github.com/BKrajancic/boby/m/v2/src/command/regexp_scraper.go:125.6,125.57 1 1
github.com/BKrajancic/boby/m/v2/src/command/regexp_scraper.go:117.44,118.49 1 1
github.com/BKrajancic/boby/m/v2/src/command/regexp_scraper.go:118.49,119.31 1 1
github.com/BKrajancic/boby/m/v2/src/command/regexp_scraper.go:122.8,122.37 1 1
github.com/BKrajancic/boby/m/v2/src/command/regexp_scraper.go:119.31,121.9 1 1
github.com/BKrajancic/boby/m/v2/src/command/regexp_scraper.go:133.10,135.5 1 1
github.com/BKrajancic/boby/m/v2/src/command/regexp_scraper.go:136.9,138.4 1 1
github.com/BKrajancic/boby/m/v2/src/command/regexp_scraper.go:139.8,144.3 1 1
github.com/BKrajancic/boby/m/v2/src/service/demoservice/demo_service.go:17.59,19.2 1 1
github.com/BKrajancic/boby/m/v2/src/service/demoservice/demo_service.go:22.35,24.2 1 1
github.com/BKrajancic/boby/m/v2/src/service/demoservice/demo_service.go:27.104,31.2 3 1
github.com/BKrajancic/boby/m/v2/src/service/demoservice/demo_service.go:34.29,35.39 1 1
github.com/BKrajancic/boby/m/v2/src/service/demoservice/demo_service.go:43.2,45.35 3 1
github.com/BKrajancic/boby/m/v2/src/service/demoservice/demo_service.go:35.39,39.39 4 1
github.com/BKrajancic/boby/m/v2/src/service/demoservice/demo_service.go:39.39,41.4 1 1
github.com/BKrajancic/boby/m/v2/src/service/demoservice/demo_sender.go:20.93,25.2 4 1
github.com/BKrajancic/boby/m/v2/src/service/demoservice/demo_sender.go:28.37,32.2 3 1
github.com/BKrajancic/boby/m/v2/src/service/demoservice/demo_sender.go:35.96,43.2 7 1
github.com/BKrajancic/boby/m/v2/src/service/demoservice/demo_sender.go:46.34,48.2 1 1
github.com/BKrajancic/boby/m/v2/src/storage/temp_storage.go:20.35,22.2 1 1
github.com/BKrajancic/boby/m/v2/src/storage/temp_storage.go:26.99,31.66 4 1
github.com/BKrajancic/boby/m/v2/src/storage/temp_storage.go:39.2,39.8 1 1
github.com/BKrajancic/boby/m/v2/src/storage/temp_storage.go:31.66,32.52 1 1
github.com/BKrajancic/boby/m/v2/src/storage/temp_storage.go:32.52,34.10 2 1
github.com/BKrajancic/boby/m/v2/src/storage/temp_storage.go:34.10,36.5 1 1
github.com/BKrajancic/boby/m/v2/src/storage/temp_storage.go:43.87,47.26 3 1
github.com/BKrajancic/boby/m/v2/src/storage/temp_storage.go:51.2,51.43 1 1
github.com/BKrajancic/boby/m/v2/src/storage/temp_storage.go:55.2,55.58 1 1
github.com/BKrajancic/boby/m/v2/src/storage/temp_storage.go:59.2,59.58 1 1
github.com/BKrajancic/boby/m/v2/src/storage/temp_storage.go:47.26,49.3 1 1
github.com/BKrajancic/boby/m/v2/src/storage/temp_storage.go:51.43,53.3 1 1
github.com/BKrajancic/boby/m/v2/src/storage/temp_storage.go:55.58,57.3 1 1
github.com/BKrajancic/boby/m/v2/src/storage/temp_storage.go:64.96,69.56 4 1
github.com/BKrajancic/boby/m/v2/src/storage/temp_storage.go:77.2,77.8 1 1
github.com/BKrajancic/boby/m/v2/src/storage/temp_storage.go:69.56,70.47 1 1
github.com/BKrajancic/boby/m/v2/src/storage/temp_storage.go:70.47,72.10 2 1
github.com/BKrajancic/boby/m/v2/src/storage/temp_storage.go:72.10,74.5 1 1
github.com/BKrajancic/boby/m/v2/src/storage/temp_storage.go:81.84,85.25 3 1
github.com/BKrajancic/boby/m/v2/src/storage/temp_storage.go:89.2,89.41 1 1
github.com/BKrajancic/boby/m/v2/src/storage/temp_storage.go:93.2,93.52 1 1
github.com/BKrajancic/boby/m/v2/src/storage/temp_storage.go:97.2,97.52 1 1
github.com/BKrajancic/boby/m/v2/src/storage/temp_storage.go:85.25,87.3 1 1
github.com/BKrajancic/boby/m/v2/src/storage/temp_storage.go:89.41,91.3 1 1
github.com/BKrajancic/boby/m/v2/src/storage/temp_storage.go:93.52,95.3 1 1
github.com/BKrajancic/boby/m/v2/src/storage/temp_storage.go:101.68,102.62 1 1
github.com/BKrajancic/boby/m/v2/src/storage/temp_storage.go:111.2,111.14 1 1
github.com/BKrajancic/boby/m/v2/src/storage/temp_storage.go:102.62,103.39 1 1
github.com/BKrajancic/boby/m/v2/src/storage/temp_storage.go:103.39,104.35 1 1
github.com/BKrajancic/boby/m/v2/src/storage/temp_storage.go:104.35,105.22 1 1
github.com/BKrajancic/boby/m/v2/src/storage/temp_storage.go:105.22,107.6 1 1
github.com/BKrajancic/boby/m/v2/src/storage/temp_storage.go:115.64,116.62 1 1
github.com/BKrajancic/boby/m/v2/src/storage/temp_storage.go:116.62,118.9 2 1
github.com/BKrajancic/boby/m/v2/src/storage/temp_storage.go:118.9,120.4 1 1
github.com/BKrajancic/boby/m/v2/src/storage/temp_storage.go:120.9,121.13 1 1
github.com/BKrajancic/boby/m/v2/src/storage/temp_storage.go:123.8,125.3 1 1
github.com/BKrajancic/boby/m/v2/src/storage/temp_storage.go:129.66,131.62 2 1
github.com/BKrajancic/boby/m/v2/src/storage/temp_storage.go:142.2,142.45 1 1
github.com/BKrajancic/boby/m/v2/src/storage/temp_storage.go:131.62,133.18 2 1
github.com/BKrajancic/boby/m/v2/src/storage/temp_storage.go:136.3,136.41 1 1
github.com/BKrajancic/boby/m/v2/src/storage/temp_storage.go:133.18,134.13 1 1
github.com/BKrajancic/boby/m/v2/src/storage/temp_storage.go:136.41,137.21 1 1
github.com/BKrajancic/boby/m/v2/src/storage/temp_storage.go:137.21,139.5 1 1
github.com/BKrajancic/boby/m/v2/src/storage/gob_storage.go:20.73,22.44 2 1
github.com/BKrajancic/boby/m/v2/src/storage/gob_storage.go:26.2,30.20 4 1
github.com/BKrajancic/boby/m/v2/src/storage/gob_storage.go:22.44,24.3 1 1
github.com/BKrajancic/boby/m/v2/src/storage/gob_storage.go:34.53,36.2 1 0
github.com/BKrajancic/boby/m/v2/src/storage/gob_storage.go:39.41,43.38 3 1
github.com/BKrajancic/boby/m/v2/src/storage/gob_storage.go:47.2,47.45 1 1
github.com/BKrajancic/boby/m/v2/src/storage/gob_storage.go:51.2,51.58 1 1
github.com/BKrajancic/boby/m/v2/src/storage/gob_storage.go:55.2,55.58 1 1
github.com/BKrajancic/boby/m/v2/src/storage/gob_storage.go:59.2,59.24 1 1
github.com/BKrajancic/boby/m/v2/src/storage/gob_storage.go:43.38,45.3 1 0
github.com/BKrajancic/boby/m/v2/src/storage/gob_storage.go:47.45,49.3 1 1
github.com/BKrajancic/boby/m/v2/src/storage/gob_storage.go:51.58,53.3 1 1
github.com/BKrajancic/boby/m/v2/src/storage/gob_storage.go:55.58,57.3 1 1
github.com/BKrajancic/boby/m/v2/src/storage/gob_storage.go:64.90,68.2 3 1
github.com/BKrajancic/boby/m/v2/src/storage/gob_storage.go:71.88,76.2 4 1
github.com/BKrajancic/boby/m/v2/src/storage/gob_storage.go:80.87,84.2 3 1
github.com/BKrajancic/boby/m/v2/src/storage/gob_storage.go:87.83,92.2 4 1
github.com/BKrajancic/boby/m/v2/src/storage/gob_storage.go:95.71,99.2 3 1
github.com/BKrajancic/boby/m/v2/src/storage/gob_storage.go:102.67,107.2 4 1
github.com/BKrajancic/boby/m/v2/src/storage/gob_storage.go:110.69,115.2 4 1
