mode: set
github.com/BKrajancic/FLD-Bot/m/v2/src/bot/bot.go:24.52,26.2 1 1
github.com/BKrajancic/FLD-Bot/m/v2/src/bot/bot.go:29.48,31.2 1 1
github.com/BKrajancic/FLD-Bot/m/v2/src/bot/bot.go:34.47,36.2 1 1
github.com/BKrajancic/FLD-Bot/m/v2/src/bot/bot.go:41.67,46.22 2 1
github.com/BKrajancic/FLD-Bot/m/v2/src/bot/bot.go:50.2,51.16 2 1
github.com/BKrajancic/FLD-Bot/m/v2/src/bot/bot.go:54.2,54.15 1 1
github.com/BKrajancic/FLD-Bot/m/v2/src/bot/bot.go:46.22,48.3 1 1
github.com/BKrajancic/FLD-Bot/m/v2/src/bot/bot.go:51.16,53.3 1 1
github.com/BKrajancic/FLD-Bot/m/v2/src/bot/bot.go:58.47,60.2 1 1
github.com/BKrajancic/FLD-Bot/m/v2/src/bot/bot.go:64.36,66.2 1 1
github.com/BKrajancic/FLD-Bot/m/v2/src/bot/bot.go:70.93,72.35 2 1
github.com/BKrajancic/FLD-Bot/m/v2/src/bot/bot.go:72.35,74.38 2 1
github.com/BKrajancic/FLD-Bot/m/v2/src/bot/bot.go:77.3,83.6 1 1
github.com/BKrajancic/FLD-Bot/m/v2/src/bot/bot.go:74.38,76.4 1 1
github.com/BKrajancic/FLD-Bot/m/v2/src/bot/bot.go:84.8,85.38 1 1
github.com/BKrajancic/FLD-Bot/m/v2/src/bot/bot.go:85.38,87.39 2 1
github.com/BKrajancic/FLD-Bot/m/v2/src/bot/bot.go:87.39,91.5 3 1
github.com/BKrajancic/FLD-Bot/m/v2/src/bot/bot.go:98.81,99.39 1 1
github.com/BKrajancic/FLD-Bot/m/v2/src/bot/bot.go:99.39,100.46 1 1
github.com/BKrajancic/FLD-Bot/m/v2/src/bot/bot.go:100.46,102.4 1 1
github.com/BKrajancic/FLD-Bot/m/v2/src/main/main.go:17.13,19.16 2 0
github.com/BKrajancic/FLD-Bot/m/v2/src/main/main.go:23.2,24.16 2 0
github.com/BKrajancic/FLD-Bot/m/v2/src/main/main.go:27.2,35.16 7 0
github.com/BKrajancic/FLD-Bot/m/v2/src/main/main.go:39.2,40.16 2 0
github.com/BKrajancic/FLD-Bot/m/v2/src/main/main.go:44.2,56.6 8 0
github.com/BKrajancic/FLD-Bot/m/v2/src/main/main.go:19.16,20.13 1 0
github.com/BKrajancic/FLD-Bot/m/v2/src/main/main.go:24.16,25.13 1 0
github.com/BKrajancic/FLD-Bot/m/v2/src/main/main.go:35.16,36.13 1 0
github.com/BKrajancic/FLD-Bot/m/v2/src/main/main.go:40.16,41.13 1 0
github.com/BKrajancic/FLD-Bot/m/v2/src/main/main.go:60.55,65.16 4 0
github.com/BKrajancic/FLD-Bot/m/v2/src/main/main.go:68.2,70.16 2 0
github.com/BKrajancic/FLD-Bot/m/v2/src/main/main.go:74.2,74.47 1 0
github.com/BKrajancic/FLD-Bot/m/v2/src/main/main.go:83.2,84.16 2 0
github.com/BKrajancic/FLD-Bot/m/v2/src/main/main.go:88.2,89.16 2 0
github.com/BKrajancic/FLD-Bot/m/v2/src/main/main.go:93.2,93.61 1 0
github.com/BKrajancic/FLD-Bot/m/v2/src/main/main.go:103.2,148.17 6 0
github.com/BKrajancic/FLD-Bot/m/v2/src/main/main.go:65.16,67.3 1 0
github.com/BKrajancic/FLD-Bot/m/v2/src/main/main.go:70.16,72.3 1 0
github.com/BKrajancic/FLD-Bot/m/v2/src/main/main.go:74.47,76.17 2 0
github.com/BKrajancic/FLD-Bot/m/v2/src/main/main.go:76.17,78.4 1 0
github.com/BKrajancic/FLD-Bot/m/v2/src/main/main.go:78.9,80.4 1 0
github.com/BKrajancic/FLD-Bot/m/v2/src/main/main.go:84.16,86.3 1 0
github.com/BKrajancic/FLD-Bot/m/v2/src/main/main.go:89.16,91.3 1 0
github.com/BKrajancic/FLD-Bot/m/v2/src/main/main.go:93.61,95.17 2 0
github.com/BKrajancic/FLD-Bot/m/v2/src/main/main.go:95.17,97.4 1 0
github.com/BKrajancic/FLD-Bot/m/v2/src/main/main.go:97.9,99.4 1 0
github.com/BKrajancic/FLD-Bot/m/v2/src/command/goquery_scraper.go:43.92,46.53 3 1
github.com/BKrajancic/FLD-Bot/m/v2/src/command/goquery_scraper.go:56.2,58.20 2 1
github.com/BKrajancic/FLD-Bot/m/v2/src/command/goquery_scraper.go:62.2,65.19 3 1
github.com/BKrajancic/FLD-Bot/m/v2/src/command/goquery_scraper.go:74.2,75.39 2 1
github.com/BKrajancic/FLD-Bot/m/v2/src/command/goquery_scraper.go:89.2,90.14 2 1
github.com/BKrajancic/FLD-Bot/m/v2/src/command/goquery_scraper.go:46.53,51.32 4 1
github.com/BKrajancic/FLD-Bot/m/v2/src/command/goquery_scraper.go:51.32,53.4 1 1
github.com/BKrajancic/FLD-Bot/m/v2/src/command/goquery_scraper.go:58.20,60.3 1 1
github.com/BKrajancic/FLD-Bot/m/v2/src/command/goquery_scraper.go:65.19,66.49 1 1
github.com/BKrajancic/FLD-Bot/m/v2/src/command/goquery_scraper.go:66.49,69.4 2 1
github.com/BKrajancic/FLD-Bot/m/v2/src/command/goquery_scraper.go:69.9,69.54 1 1
github.com/BKrajancic/FLD-Bot/m/v2/src/command/goquery_scraper.go:69.54,71.4 1 1
github.com/BKrajancic/FLD-Bot/m/v2/src/command/goquery_scraper.go:75.39,78.44 3 1
github.com/BKrajancic/FLD-Bot/m/v2/src/command/goquery_scraper.go:86.3,86.15 1 1
github.com/BKrajancic/FLD-Bot/m/v2/src/command/goquery_scraper.go:78.44,79.65 1 1
github.com/BKrajancic/FLD-Bot/m/v2/src/command/goquery_scraper.go:79.65,80.38 1 1
github.com/BKrajancic/FLD-Bot/m/v2/src/command/goquery_scraper.go:80.38,82.11 2 1
github.com/BKrajancic/FLD-Bot/m/v2/src/command/goquery_scraper.go:94.70,95.156 1 1
github.com/BKrajancic/FLD-Bot/m/v2/src/command/goquery_scraper.go:106.2,107.16 2 1
github.com/BKrajancic/FLD-Bot/m/v2/src/command/goquery_scraper.go:111.2,116.8 1 1
github.com/BKrajancic/FLD-Bot/m/v2/src/command/goquery_scraper.go:95.156,104.3 1 1
github.com/BKrajancic/FLD-Bot/m/v2/src/command/goquery_scraper.go:107.16,109.3 1 0
github.com/BKrajancic/FLD-Bot/m/v2/src/command/goquery_scraper.go:120.204,122.89 2 1
github.com/BKrajancic/FLD-Bot/m/v2/src/command/goquery_scraper.go:127.2,127.30 1 1
github.com/BKrajancic/FLD-Bot/m/v2/src/command/goquery_scraper.go:122.89,125.3 2 0
github.com/BKrajancic/FLD-Bot/m/v2/src/command/goquery_scraper.go:127.30,130.36 2 1
github.com/BKrajancic/FLD-Bot/m/v2/src/command/goquery_scraper.go:134.3,135.17 2 1
github.com/BKrajancic/FLD-Bot/m/v2/src/command/goquery_scraper.go:130.36,132.4 1 1
github.com/BKrajancic/FLD-Bot/m/v2/src/command/goquery_scraper.go:135.17,138.18 3 1
github.com/BKrajancic/FLD-Bot/m/v2/src/command/goquery_scraper.go:138.18,139.25 1 1
github.com/BKrajancic/FLD-Bot/m/v2/src/command/goquery_scraper.go:139.25,145.6 1 0
github.com/BKrajancic/FLD-Bot/m/v2/src/command/goquery_scraper.go:145.11,162.6 3 1
github.com/BKrajancic/FLD-Bot/m/v2/src/command/goquery_scraper.go:163.10,165.5 1 0
github.com/BKrajancic/FLD-Bot/m/v2/src/command/goquery_scraper.go:166.9,171.4 1 1
github.com/BKrajancic/FLD-Bot/m/v2/src/command/goquery_scraper.go:177.81,180.16 3 0
github.com/BKrajancic/FLD-Bot/m/v2/src/command/goquery_scraper.go:185.2,186.20 2 0
github.com/BKrajancic/FLD-Bot/m/v2/src/command/goquery_scraper.go:180.16,183.3 2 0
github.com/BKrajancic/FLD-Bot/m/v2/src/command/goquery_scraper.go:189.61,193.16 3 0
github.com/BKrajancic/FLD-Bot/m/v2/src/command/goquery_scraper.go:197.2,198.16 2 0
github.com/BKrajancic/FLD-Bot/m/v2/src/command/goquery_scraper.go:201.2,204.16 3 0
github.com/BKrajancic/FLD-Bot/m/v2/src/command/goquery_scraper.go:207.2,207.82 1 0
github.com/BKrajancic/FLD-Bot/m/v2/src/command/goquery_scraper.go:193.16,195.3 1 0
github.com/BKrajancic/FLD-Bot/m/v2/src/command/goquery_scraper.go:198.16,200.3 1 0
github.com/BKrajancic/FLD-Bot/m/v2/src/command/goquery_scraper.go:204.16,206.3 1 0
github.com/BKrajancic/FLD-Bot/m/v2/src/command/im_admin.go:9.154,10.18 1 1
github.com/BKrajancic/FLD-Bot/m/v2/src/command/im_admin.go:10.18,12.3 1 1
github.com/BKrajancic/FLD-Bot/m/v2/src/command/im_admin.go:12.8,14.3 1 1
github.com/BKrajancic/FLD-Bot/m/v2/src/command/scraper.go:32.67,36.16 3 0
github.com/BKrajancic/FLD-Bot/m/v2/src/command/scraper.go:41.2,42.20 2 0
github.com/BKrajancic/FLD-Bot/m/v2/src/command/scraper.go:36.16,39.3 2 0
github.com/BKrajancic/FLD-Bot/m/v2/src/command/scraper.go:45.54,49.16 3 0
github.com/BKrajancic/FLD-Bot/m/v2/src/command/scraper.go:53.2,54.16 2 0
github.com/BKrajancic/FLD-Bot/m/v2/src/command/scraper.go:57.2,60.16 3 0
github.com/BKrajancic/FLD-Bot/m/v2/src/command/scraper.go:63.2,63.82 1 0
github.com/BKrajancic/FLD-Bot/m/v2/src/command/scraper.go:49.16,51.3 1 0
github.com/BKrajancic/FLD-Bot/m/v2/src/command/scraper.go:54.16,56.3 1 0
github.com/BKrajancic/FLD-Bot/m/v2/src/command/scraper.go:60.16,62.3 1 0
github.com/BKrajancic/FLD-Bot/m/v2/src/command/scraper.go:67.56,71.156 3 1
github.com/BKrajancic/FLD-Bot/m/v2/src/command/scraper.go:83.2,84.16 2 1
github.com/BKrajancic/FLD-Bot/m/v2/src/command/scraper.go:87.2,91.8 1 1
github.com/BKrajancic/FLD-Bot/m/v2/src/command/scraper.go:71.156,82.3 1 1
github.com/BKrajancic/FLD-Bot/m/v2/src/command/scraper.go:84.16,86.3 1 0
github.com/BKrajancic/FLD-Bot/m/v2/src/command/scraper.go:95.256,98.89 3 1
github.com/BKrajancic/FLD-Bot/m/v2/src/command/scraper.go:103.2,103.37 1 1
github.com/BKrajancic/FLD-Bot/m/v2/src/command/scraper.go:107.2,108.16 2 1
github.com/BKrajancic/FLD-Bot/m/v2/src/command/scraper.go:98.89,101.3 2 0
github.com/BKrajancic/FLD-Bot/m/v2/src/command/scraper.go:103.37,105.3 1 1
github.com/BKrajancic/FLD-Bot/m/v2/src/command/scraper.go:108.16,112.17 2 1
github.com/BKrajancic/FLD-Bot/m/v2/src/command/scraper.go:112.17,119.22 4 1
github.com/BKrajancic/FLD-Bot/m/v2/src/command/scraper.go:119.22,121.38 2 1
github.com/BKrajancic/FLD-Bot/m/v2/src/command/scraper.go:125.5,128.43 3 1
github.com/BKrajancic/FLD-Bot/m/v2/src/command/scraper.go:134.5,138.7 1 1
github.com/BKrajancic/FLD-Bot/m/v2/src/command/scraper.go:121.38,123.6 1 1
github.com/BKrajancic/FLD-Bot/m/v2/src/command/scraper.go:128.43,129.48 1 1
github.com/BKrajancic/FLD-Bot/m/v2/src/command/scraper.go:129.48,131.7 1 1
github.com/BKrajancic/FLD-Bot/m/v2/src/command/scraper.go:139.10,141.5 1 0
github.com/BKrajancic/FLD-Bot/m/v2/src/command/scraper.go:142.9,144.4 1 0
github.com/BKrajancic/FLD-Bot/m/v2/src/command/scraper.go:145.8,150.3 1 0
github.com/BKrajancic/FLD-Bot/m/v2/src/command/setAdmin.go:9.155,10.18 1 1
github.com/BKrajancic/FLD-Bot/m/v2/src/command/setAdmin.go:10.18,18.3 3 1
github.com/BKrajancic/FLD-Bot/m/v2/src/command/set_prefix.go:12.156,13.18 1 1
github.com/BKrajancic/FLD-Bot/m/v2/src/command/set_prefix.go:13.18,25.3 3 1
github.com/BKrajancic/FLD-Bot/m/v2/src/command/unsetAdmin.go:9.157,10.18 1 1
github.com/BKrajancic/FLD-Bot/m/v2/src/command/unsetAdmin.go:10.18,18.3 3 1
github.com/BKrajancic/FLD-Bot/m/v2/src/command/check_admin.go:9.157,15.42 2 1
github.com/BKrajancic/FLD-Bot/m/v2/src/command/check_admin.go:15.42,17.3 1 1
github.com/BKrajancic/FLD-Bot/m/v2/src/command/check_admin.go:17.8,19.3 1 1
github.com/BKrajancic/FLD-Bot/m/v2/src/routine/heartbeat.go:11.143,12.29 1 1
github.com/BKrajancic/FLD-Bot/m/v2/src/routine/heartbeat.go:12.29,14.3 1 1
github.com/BKrajancic/FLD-Bot/m/v2/src/service/demoservice/demo_service.go:17.59,19.2 1 1
github.com/BKrajancic/FLD-Bot/m/v2/src/service/demoservice/demo_service.go:22.35,24.2 1 1
github.com/BKrajancic/FLD-Bot/m/v2/src/service/demoservice/demo_service.go:27.104,31.2 3 1
github.com/BKrajancic/FLD-Bot/m/v2/src/service/demoservice/demo_service.go:34.29,35.39 1 1
github.com/BKrajancic/FLD-Bot/m/v2/src/service/demoservice/demo_service.go:43.2,45.35 3 1
github.com/BKrajancic/FLD-Bot/m/v2/src/service/demoservice/demo_service.go:35.39,39.39 4 1
github.com/BKrajancic/FLD-Bot/m/v2/src/service/demoservice/demo_service.go:39.39,41.4 1 1
github.com/BKrajancic/FLD-Bot/m/v2/src/service/demoservice/demo_sender.go:16.93,19.2 2 1
github.com/BKrajancic/FLD-Bot/m/v2/src/service/demoservice/demo_sender.go:22.37,24.2 1 1
github.com/BKrajancic/FLD-Bot/m/v2/src/service/demoservice/demo_sender.go:27.96,33.2 5 1
github.com/BKrajancic/FLD-Bot/m/v2/src/service/demoservice/demo_sender.go:36.34,38.2 1 1
github.com/BKrajancic/FLD-Bot/m/v2/src/storage/JsonStorage.go:30.63,34.16 3 1
github.com/BKrajancic/FLD-Bot/m/v2/src/storage/JsonStorage.go:38.2,39.20 2 1
github.com/BKrajancic/FLD-Bot/m/v2/src/storage/JsonStorage.go:34.16,36.3 1 1
github.com/BKrajancic/FLD-Bot/m/v2/src/storage/JsonStorage.go:43.42,47.16 4 1
github.com/BKrajancic/FLD-Bot/m/v2/src/storage/JsonStorage.go:51.2,52.12 2 1
github.com/BKrajancic/FLD-Bot/m/v2/src/storage/JsonStorage.go:47.16,49.3 1 1
github.com/BKrajancic/FLD-Bot/m/v2/src/storage/JsonStorage.go:57.81,59.2 1 1
github.com/BKrajancic/FLD-Bot/m/v2/src/storage/JsonStorage.go:62.79,67.2 4 1
github.com/BKrajancic/FLD-Bot/m/v2/src/storage/JsonStorage.go:70.72,72.2 1 1
github.com/BKrajancic/FLD-Bot/m/v2/src/storage/JsonStorage.go:75.68,80.2 4 1
github.com/BKrajancic/FLD-Bot/m/v2/src/storage/JsonStorage.go:83.70,88.2 4 1
github.com/BKrajancic/FLD-Bot/m/v2/src/storage/TempStorage.go:17.81,19.17 2 1
github.com/BKrajancic/FLD-Bot/m/v2/src/storage/TempStorage.go:23.2,24.17 2 1
github.com/BKrajancic/FLD-Bot/m/v2/src/storage/TempStorage.go:28.2,29.17 2 1
github.com/BKrajancic/FLD-Bot/m/v2/src/storage/TempStorage.go:32.2,32.17 1 1
github.com/BKrajancic/FLD-Bot/m/v2/src/storage/TempStorage.go:19.17,21.3 1 1
github.com/BKrajancic/FLD-Bot/m/v2/src/storage/TempStorage.go:24.17,26.3 1 1
github.com/BKrajancic/FLD-Bot/m/v2/src/storage/TempStorage.go:29.17,31.3 1 1
github.com/BKrajancic/FLD-Bot/m/v2/src/storage/TempStorage.go:36.79,38.17 2 1
github.com/BKrajancic/FLD-Bot/m/v2/src/storage/TempStorage.go:43.2,44.17 2 1
github.com/BKrajancic/FLD-Bot/m/v2/src/storage/TempStorage.go:48.2,48.55 1 1
github.com/BKrajancic/FLD-Bot/m/v2/src/storage/TempStorage.go:38.17,41.3 2 1
github.com/BKrajancic/FLD-Bot/m/v2/src/storage/TempStorage.go:44.17,46.3 1 1
github.com/BKrajancic/FLD-Bot/m/v2/src/storage/TempStorage.go:52.68,54.8 2 1
github.com/BKrajancic/FLD-Bot/m/v2/src/storage/TempStorage.go:64.2,64.14 1 1
github.com/BKrajancic/FLD-Bot/m/v2/src/storage/TempStorage.go:54.8,56.9 2 1
github.com/BKrajancic/FLD-Bot/m/v2/src/storage/TempStorage.go:56.9,57.30 1 1
github.com/BKrajancic/FLD-Bot/m/v2/src/storage/TempStorage.go:57.30,58.17 1 1
github.com/BKrajancic/FLD-Bot/m/v2/src/storage/TempStorage.go:58.17,60.6 1 1
github.com/BKrajancic/FLD-Bot/m/v2/src/storage/TempStorage.go:68.64,70.8 2 1
github.com/BKrajancic/FLD-Bot/m/v2/src/storage/TempStorage.go:70.8,72.9 2 1
github.com/BKrajancic/FLD-Bot/m/v2/src/storage/TempStorage.go:72.9,74.4 1 1
github.com/BKrajancic/FLD-Bot/m/v2/src/storage/TempStorage.go:74.9,76.4 1 1
github.com/BKrajancic/FLD-Bot/m/v2/src/storage/TempStorage.go:77.8,78.22 1 1
github.com/BKrajancic/FLD-Bot/m/v2/src/storage/TempStorage.go:82.3,82.58 1 1
github.com/BKrajancic/FLD-Bot/m/v2/src/storage/TempStorage.go:78.22,81.4 2 1
github.com/BKrajancic/FLD-Bot/m/v2/src/storage/TempStorage.go:87.66,89.8 2 1
github.com/BKrajancic/FLD-Bot/m/v2/src/storage/TempStorage.go:89.8,91.9 2 1
github.com/BKrajancic/FLD-Bot/m/v2/src/storage/TempStorage.go:91.9,93.67 2 1
github.com/BKrajancic/FLD-Bot/m/v2/src/storage/TempStorage.go:98.4,98.56 1 1
github.com/BKrajancic/FLD-Bot/m/v2/src/storage/TempStorage.go:93.67,94.20 1 1
github.com/BKrajancic/FLD-Bot/m/v2/src/storage/TempStorage.go:94.20,96.6 1 1
